\BOOKMARK [1][-]{section.0.1}{4-1 Ejercicio 0: Instalacion de Oracle SQL Devevloper Data Modeler}{}% 1
\BOOKMARK [1][-]{section.0.2}{4-1 Ejercicio 1: Identificacion y Creacion de Entidades y Atributos}{}% 2
\BOOKMARK [1][-]{section.0.3}{4-2 Ejercicio 1: Ingenieria Directa de un Modelo Logico en un Modelo Relacional}{}% 3
\BOOKMARK [1][-]{section.0.4}{4-2 Ejercicio 2: Ingenieria Inversa de un Modelo Relacional en un Modelo Logico}{}% 4
\BOOKMARK [1][-]{section.0.5}{5-1 Ejercicio 1: Creaci\363n de un Glosario a Partir del Modelo L\363gico}{}% 5
\BOOKMARK [1][-]{section.0.6}{5-1 Ejercicio 2: Creaci\363n de un Archivo.csv con Nombres Predefinidos}{}% 6
\BOOKMARK [1][-]{section.0.7}{5-1 Ejercicio 3: Creaci\363n de un Juego de Reglas}{}% 7
\BOOKMARK [1][-]{section.0.8}{5-1 Ejercicio 4: Realizaci\363n de Ingenier\355a Directa del Dise\361o para Aplicar el Glosario y el Est\341ndar de Nomenclatura}{}% 8
\BOOKMARK [1][-]{section.0.9}{5-2 Ejercicio 1: Observaci\363n de la Asignaci\363n de Identificadores \332nicos y su Relaci\363n en el Modelo Relacional}{}% 9
\BOOKMARK [1][-]{section.0.10}{5-2 Ejercicio 2: Definici\363n de la Plantilla de Nombre}{}% 10
\BOOKMARK [1][-]{section.0.11}{5-2 Ejercicio 3: Aplicaci\363n de Plantilla de Nombre al Modelo Relacional}{}% 11
\BOOKMARK [1][-]{section.0.12}{5-2 Ejercicio 4: Aplicaci\363n de un Prefijo de Nombre de Objeto a los Objetos del Modelo Relacional}{}% 12
\BOOKMARK [1][-]{section.0.13}{6-1 Ejercicio 1}{}% 13
\BOOKMARK [1][-]{section.0.14}{6-2 Ejercicio 1}{}% 14
\BOOKMARK [1][-]{section.0.15}{6-3 Ejercicio 1}{}% 15
\BOOKMARK [1][-]{section.0.16}{6-4 Ejercicio 1}{}% 16
\BOOKMARK [1][-]{section.0.17}{6-5 Ejercicio 1}{}% 17
\BOOKMARK [1][-]{section.0.18}{6-6 Ejercicio 1}{}% 18
\BOOKMARK [1][-]{section.0.19}{6-7 Ejercicio 1}{}% 19
\BOOKMARK [1][-]{section.0.20}{6-8 Ejercicio 1}{}% 20
\BOOKMARK [1][-]{section.0.21}{6-9 Ejercicio 1}{}% 21
\BOOKMARK [1][-]{section.0.21}{Bibliograf\355a}{}% 22
